# Logfile created on 2013-04-12 14:57:43 +0200 by logger.rb/31641
Session: 
Session: 
Session: 
Session: 748cf7b4-190d-4572-8051-d99c7205d4a3
Session: 748cf7b4-190d-4572-8051-d99c7205d4a3
Session: 748cf7b4-190d-4572-8051-d99c7205d4a3
Session: 748cf7b4-190d-4572-8051-d99c7205d4a3
Session: 
Session: 
Session: 
Session: 
Session: b275c843-1219-4e58-ab71-76e36fb5aad7
Session: b275c843-1219-4e58-ab71-76e36fb5aad7
Session: 
Session: 1cbf4a49-1f10-450a-ada0-fa0ded392e69
Session: 
Session: 
Session: 
Session: 162f9cc6-26bd-447d-af13-b842d8f0a147
Session: 1bdc3bab-a7fc-4ce8-9640-cee2fa795339
Session: 17bc6681-6b16-486a-be66-052644fa4bf3
Session: c1fe5513-c97b-49e1-b7d8-b97e7b8e049e
Session: 28ba89c9-2065-4990-bb80-66e1c84d6519
Session: 5f95e27d-2b75-4773-aa88-0beb619a78d2
Session: 39260aac-f0e8-4d1e-b5c1-3d14d6124f55
Session: b4db21c9-e100-4c9d-894d-d3f5c933214a
Session: 4ba8db9d-c07b-441c-afcd-83df6af96299
Session: 9958af10-fd51-46ec-971d-3a6e1a85534f
Session: 26bd2f78-11f0-42cc-b482-54ab568aca20
Session: 5deff7c9-9ee8-4674-9512-4e2968e7fd6e
Session: ed651199-852d-402c-ba2d-d2124946d7e0
Session: 7fedee5b-afe2-42c0-b754-11f32ccf8e00
Session: 820e35fb-3c2f-4cb4-a4ad-049e3fb6e823
Session: 144a9cc2-efc8-4fa7-b8e3-74a8b23c05e6
Session: 258a96c6-6771-4a05-a068-58b44ba20e40
Session: 52536dfd-74a8-41d1-86ee-69941f33a803
Date: -4712-01-01
shit
shit
shit
shit
shit
shit
51c92f129c95051d08000002
51c92f129c95051d08000002
shit
shit
shit
shit
#<Sessionob _id: 51ff709e0ac19cd495000001, space_ids: ["51c92f129c95051d08000002"], visitorgroup: nil, media_ids: [], eventob_ids: [], storage: nil, room: nil, label: nil, created_on: 1375695006, finished_on: 1375695027, surveys: [], stats: []>
#<Sessionob _id: 51ff8fb90ac19c43d2000009, space_ids: ["51c92f129c95051d08000002"], visitorgroup: nil, media_ids: [], eventob_ids: [], storage: nil, room: nil, label: nil, created_on: 1375702969, finished_on: 1375702999, surveys: [], stats: []>
#<Sessionob _id: 51ff709e0ac19cd495000001, space_ids: ["51c92f129c95051d08000002"], visitorgroup: nil, media_ids: [], eventob_ids: [], storage: nil, room: nil, label: nil, created_on: 1375695006, finished_on: 1375695027, surveys: [], stats: []>
#<Sessionob _id: 51ff8fb90ac19c43d2000009, space_ids: ["51c92f129c95051d08000002"], visitorgroup: nil, media_ids: [], eventob_ids: [], storage: nil, room: nil, label: nil, created_on: 1375702969, finished_on: 1375702999, surveys: [], stats: []>
#<Room _id: 51c92f589c95051d08000003, space_ids: ["51c92f129c95051d08000002"], sessionob_id: "51ff709e0ac19cd495000001", label: "my room", uri: "http://net.engagelab.iobserveservice.s3.amazonaws.com/c62e2420-b229-42ff-a77e-bc1666a3788f.jpg", position: nil, created_on: 1372139352, start_points: [{"uuid"=>"31489984-42ea-d242-3fff-c82d705ed926", "rotation"=>0, "xpos"=>163, "ypos"=>703}], end_points: [{"uuid"=>"0ad4ef83-5ed6-520c-80b3-94a58a0dcf14", "rotation"=>0, "xpos"=>308, "ypos"=>683}]>
#<Room _id: 51c92f829c95051d08000004, space_ids: ["51c92f129c95051d08000002"], sessionob_id: "51ff8fb90ac19c43d2000009", label: "munch gallery", uri: "http://net.engagelab.iobserveservice.s3.amazonaws.com/e09d06b1-6651-49a5-b4ed-d4fc4df19ec8.jpg", position: nil, created_on: 1372139394, start_points: [{"uuid"=>"ba02c318-e045-42be-9fa4-58a054222f18", "xpos"=>954, "ypos"=>340}], end_points: [{"uuid"=>"9077342e-0f75-42e3-8773-fea1c46e289a", "xpos"=>940, "ypos"=>240}]>
"51c92f589c95051d08000003"
"51c92f829c95051d08000004"
"51c92f589c95051d08000003"
"51c92f829c95051d08000004"
"51c92f589c95051d08000003"
"51c92f829c95051d08000004"
"51c92f589c95051d08000003"
"51c92f829c95051d08000004"
"51c92f589c95051d08000003"
"51c92f829c95051d08000004"
